[00:00:20] [Server thread/WARN]: Can't keep up! Is the server overloaded? Running 2744ms or 54 ticks behind
[00:03:02] [Thread-17/INFO]: [gg.playit.control.ChannelSetup] send keep alive
[00:04:05] [Server thread/INFO]: gladios1234 issued server command: /shop
[00:04:14] [Server thread/INFO]: Shop >> gladios1234 bought 12 x Barrel(Workstations.page1.items.1) for $65.40 with the buy screen.
[00:04:30] [Server thread/INFO]: gladios1234 issued server command: /craft
[00:07:02] [Thread-17/INFO]: [gg.playit.control.ChannelSetup] send keep alive
[00:09:01] [Server thread/INFO]: gladios1234 issued server command: /craft
[00:10:07] [Server thread/INFO]: gladios1234 issued server command: /home
[00:10:26] [Server thread/INFO]: gladios1234 issued server command: /shop
[00:10:35] [Server thread/INFO]: Shop >> gladios1234 bought 32 x Light(Miscellaneous.page3.items.7) for $3,200 with the buy screen.
[00:11:03] [Thread-17/INFO]: [gg.playit.control.ChannelSetup] send keep alive
[00:14:55] [Craft Scheduler Thread - 165 - Vault/INFO]: [Vault] Checking for Updates ... 
[00:14:55] [Craft Scheduler Thread - 165 - Vault/INFO]: [Vault] No new version available
[00:15:03] [Thread-17/INFO]: [gg.playit.control.ChannelSetup] send keep alive
[00:19:03] [Thread-17/INFO]: [gg.playit.control.ChannelSetup] send keep alive
[00:23:03] [Thread-17/INFO]: [gg.playit.control.ChannelSetup] send keep alive
[00:24:56] [Server thread/INFO]: gladios1234 issued server command: /shop
[00:25:03] [Server thread/INFO]: Shop >> gladios1234 bought 1 x Light(Miscellaneous.page3.items.7) for $100 with the buy screen.
[00:25:04] [Server thread/INFO]: Shop >> gladios1234 bought 1 x Light(Miscellaneous.page3.items.7) for $100 with the buy screen.
[00:25:51] [Server thread/INFO]: gladios1234 issued server command: /craft
[00:26:07] [Server thread/INFO]: gladios1234 issued server command: /shop
[00:26:14] [Server thread/INFO]: Shop >> gladios1234 bought 64 x Dark Oak Planks(Blocks.page5.items.186) for $47.36 with the buy screen.
[00:26:15] [Server thread/INFO]: Shop >> gladios1234 bought 64 x Dark Oak Planks(Blocks.page5.items.186) for $47.36 with the buy screen.
[00:26:15] [Server thread/INFO]: Shop >> gladios1234 bought 64 x Dark Oak Planks(Blocks.page5.items.186) for $47.36 with the buy screen.
[00:26:15] [Server thread/INFO]: Shop >> gladios1234 bought 64 x Dark Oak Planks(Blocks.page5.items.186) for $47.36 with the buy screen.
[00:26:17] [Server thread/INFO]: gladios1234 issued server command: /craft
[00:27:04] [Thread-17/INFO]: [gg.playit.control.ChannelSetup] send keep alive
[00:27:30] [Server thread/INFO]: gladios1234 issued server command: /shop
[00:27:38] [Server thread/INFO]: Shop >> gladios1234 bought 16 x Green Wool(Blocks.page6.items.228) for $470.40 with the buy screen.
[00:28:29] [Server thread/INFO]: gladios1234 issued server command: /shop
[00:28:37] [Server thread/INFO]: Shop >> gladios1234 bought 64 x Dark Oak Log(Blocks.page5.items.185) for $192 with the buy screen.
[00:29:25] [Server thread/INFO]: gladios1234 issued server command: /sellgui
[00:29:32] [Server thread/INFO]: Shop >> ~phan2 sold 2x Pumpkin Seeds(Farming.page1.items.23), 2x Dirt(Blocks.page3.items.102), 3x Melon Seeds(Farming.page1.items.17), 64x Dark Oak Planks(Blocks.page5.items.186) for $16.51 with the sell gui.
[00:29:56] [Server thread/INFO]: gladios1234 issued server command: /sellgui
[00:30:04] [Server thread/INFO]: Shop >> ~phan2 sold 7x Dirt(Blocks.page3.items.102), 3x Pumpkin(Farming.page1.items.22), 6x Melon Slice(Farming.page1.items.18), 1x Melon Seeds(Farming.page1.items.17) for $11.25 with the sell gui.
[00:30:27] [Server thread/INFO]: gladios1234 issued server command: /sellgui
[00:30:29] [Server thread/INFO]: Shop >> ~phan2 sold 3x Dirt(Blocks.page3.items.102) for $2.25 with the sell gui.
[00:31:04] [Thread-17/INFO]: [gg.playit.control.ChannelSetup] send keep alive
[00:32:08] [Server thread/INFO]: gladios1234 issued server command: /shop
[00:32:16] [Server thread/INFO]: Shop >> gladios1234 bought 1 x Pitcher Pod(Farming.page1.items.20) for $20.50 with the buy screen.
[00:32:32] [Server thread/INFO]: gladios1234 issued server command: /raft
[00:32:34] [Server thread/INFO]: gladios1234 issued server command: /craft
[00:32:42] [Server thread/INFO]: gladios1234 issued server command: /shp
[00:32:43] [Server thread/INFO]: gladios1234 issued server command: /shop
[00:32:47] [Server thread/INFO]: Shop >> gladios1234 bought 1 x Pitcher Pod(Farming.page1.items.20) for $20.50 with the buy screen.
[00:32:59] [Server thread/INFO]: gladios1234 issued server command: /sellgui
[00:33:10] [Server thread/INFO]: Shop >> ~phan2 sold 20x Spruce Log(Blocks.page5.items.211), 172x Dark Oak Planks(Blocks.page5.items.186), 172x Dark Oak Stairs(Blocks.page5.items.188), 66x Dark Oak Log(Blocks.page5.items.185), 6x Dark Oak Slab(Blocks.page5.items.187), 15x Shroomlight(Decoration.page2.items.64) for $177.66 with the sell gui.
[00:33:13] [Server thread/INFO]: gladios1234 issued server command: /shop
[00:33:16] [Server thread/INFO]: Shop >> gladios1234 bought 64 x Pitcher Pod(Farming.page1.items.20) for $1,312 with the buy screen.
[00:33:16] [Server thread/INFO]: Shop >> gladios1234 bought 64 x Pitcher Pod(Farming.page1.items.20) for $1,312 with the buy screen.
[00:33:16] [Server thread/INFO]: Shop >> gladios1234 bought 64 x Pitcher Pod(Farming.page1.items.20) for $1,312 with the buy screen.
[00:33:17] [Server thread/INFO]: Shop >> gladios1234 bought 64 x Pitcher Pod(Farming.page1.items.20) for $1,312 with the buy screen.
[00:33:17] [Server thread/INFO]: Shop >> gladios1234 bought 64 x Pitcher Pod(Farming.page1.items.20) for $1,312 with the buy screen.
[00:33:17] [Server thread/INFO]: Shop >> gladios1234 bought 64 x Pitcher Pod(Farming.page1.items.20) for $1,312 with the buy screen.
[00:33:18] [Server thread/INFO]: Shop >> gladios1234 bought 64 x Pitcher Pod(Farming.page1.items.20) for $1,312 with the buy screen.
[00:33:18] [Server thread/INFO]: Shop >> gladios1234 bought 64 x Pitcher Pod(Farming.page1.items.20) for $1,312 with the buy screen.
[00:33:18] [Server thread/INFO]: Shop >> gladios1234 bought 64 x Pitcher Pod(Farming.page1.items.20) for $1,312 with the buy screen.
[00:33:18] [Server thread/INFO]: Shop >> gladios1234 bought 64 x Pitcher Pod(Farming.page1.items.20) for $1,312 with the buy screen.
[00:33:25] [Server thread/INFO]: gladios1234 issued server command: /shop
[00:33:31] [Server thread/INFO]: Shop >> gladios1234 bought 64 x Torchflower Seeds(Farming.page1.items.26) for $1,312 with the buy screen.
[00:33:31] [Server thread/INFO]: Shop >> gladios1234 bought 64 x Torchflower Seeds(Farming.page1.items.26) for $1,312 with the buy screen.
[00:33:31] [Server thread/INFO]: Shop >> gladios1234 bought 64 x Torchflower Seeds(Farming.page1.items.26) for $1,312 with the buy screen.
[00:33:32] [Server thread/INFO]: Shop >> gladios1234 bought 64 x Torchflower Seeds(Farming.page1.items.26) for $1,312 with the buy screen.
[00:33:32] [Server thread/INFO]: Shop >> gladios1234 bought 64 x Torchflower Seeds(Farming.page1.items.26) for $1,312 with the buy screen.
[00:33:32] [Server thread/INFO]: Shop >> gladios1234 bought 64 x Torchflower Seeds(Farming.page1.items.26) for $1,312 with the buy screen.
[00:33:33] [Server thread/INFO]: Shop >> gladios1234 bought 64 x Torchflower Seeds(Farming.page1.items.26) for $1,312 with the buy screen.
[00:33:33] [Server thread/INFO]: Shop >> gladios1234 bought 64 x Torchflower Seeds(Farming.page1.items.26) for $1,312 with the buy screen.
[00:33:33] [Server thread/INFO]: Shop >> gladios1234 bought 64 x Torchflower Seeds(Farming.page1.items.26) for $1,312 with the buy screen.
[00:35:02] [nioEventLoopGroup-2-3/WARN]: [gg.playit.minecraft.PlayitTcpTunnel] failed to send data to tunnel
[00:35:02] [Server thread/INFO]: gladios1234 lost connection: Disconnected
[00:35:03] [Server thread/INFO]: gladios1234 left the game
[00:35:04] [Thread-17/INFO]: [gg.playit.control.ChannelSetup] send keep alive
[00:35:05] [Thread-17/INFO]: [gg.playit.minecraft.PlayitManager] got new client: NewClient{connectAddr=209.25.142.194:12964, peerAddr=1.55.7.147:4695, claimAddress=[2602:fbaf:0848:0000:0000:0000:0000:0002]:43784, claimToken=[44, 0, 60, -47, 25, -114, -62, 50, -92, 1, 55, 7, -109, 18, 87, 92, 122, 104, 115, -85, 8, 102, -126, -24, -55, 0, 0, 0, 0, 0, 7, -85, -98, 0, 0, 0, 0, 0, 51, 75, 83, -116, 115, -85, 8, 0, 0, 0, 0, 18, 0, 0, 0, 0, 0, 0, 0, 4, 0, 1, -59, -114, -45, -12, 57, 89, 74, 22, -127, 90, -88, 123, 25, -59, 82, 10], tunnelServerId=4, dataCenterId=18}
[00:35:05] [Thread-17/INFO]: [gg.playit.minecraft.PlayitManager] starting tcp tunnel for client
[00:35:05] [Thread-17/INFO]: [gg.playit.minecraft.PlayitTcpTunnel] start connection to /[2602:fbaf:848:0:0:0:0:2]:43784 to claim client
[00:35:05] [nioEventLoopGroup-2-1/INFO]: [gg.playit.minecraft.PlayitTcpTunnel] connected to tunnel server, sending claim token
[00:35:05] [nioEventLoopGroup-2-1/INFO]: [gg.playit.minecraft.PlayitTcpTunnel] claim token sent
[00:35:05] [nioEventLoopGroup-2-1/INFO]: [gg.playit.minecraft.PlayitTcpTunnel] connection to tunnel server has been established
[00:35:05] [nioEventLoopGroup-2-1/INFO]: [gg.playit.minecraft.PlayitTcpTunnel] Reflect: ReflectionHelper{ServerConnection=class net.minecraft.server.network.ServerConnection, LegacyPingHandler=class net.minecraft.server.network.LegacyPingHandler, MinecraftServer=class net.minecraft.server.MinecraftServer, PacketSplitter=class net.minecraft.network.PacketSplitter, PacketDecoder=class net.minecraft.network.PacketDecoder, EnumProtocolDirection=class net.minecraft.network.protocol.EnumProtocolDirection, PacketPrepender=class net.minecraft.network.PacketPrepender, PacketEncoder=class net.minecraft.network.PacketEncoder, NetworkManagerServer=class net.minecraft.network.NetworkManagerServer, NetworkManager=class net.minecraft.network.NetworkManager, HandshakeListener=class net.minecraft.server.network.HandshakeListener, PacketListener=interface net.minecraft.network.PacketListener, CraftServer=null}
[00:35:05] [nioEventLoopGroup-2-1/INFO]: [gg.playit.minecraft.PlayitTcpTunnel] failed to get Minecraft server from Bukkit.getServer()
[00:35:05] [nioEventLoopGroup-2-1/INFO]: [gg.playit.minecraft.PlayitTcpTunnel] connecting to minecraft server at /0.0.0.0:45754
[00:35:05] [nioEventLoopGroup-2-2/WARN]: [gg.playit.minecraft.PlayitTcpTunnel] failed to send data to minecraft server
[00:35:05] [nioEventLoopGroup-2-2/WARN]: [gg.playit.minecraft.PlayitTcpTunnel] failed to connect to local minecraft server
[00:39:05] [Thread-17/INFO]: [gg.playit.control.ChannelSetup] send keep alive
[00:43:05] [Thread-17/INFO]: [gg.playit.control.ChannelSetup] send keep alive
[00:47:05] [Thread-17/INFO]: [gg.playit.control.ChannelSetup] send keep alive
[00:51:05] [Thread-17/INFO]: [gg.playit.control.ChannelSetup] send keep alive
[00:55:05] [Thread-17/INFO]: [gg.playit.control.ChannelSetup] send keep alive
[00:59:05] [Thread-17/INFO]: [gg.playit.control.ChannelSetup] send keep alive
[00:59:10] [Server thread/INFO]: Stopping the server
[00:59:10] [Server thread/INFO]: Stopping server
[00:59:10] [Server thread/INFO]: [EconomyShopGUI] Disabling EconomyShopGUI v6.4.6
[00:59:10] [Server thread/INFO]: [MyDog] Disabling MyDog v0.2.2
[00:59:11] [Server thread/INFO]: [MyDog] Loaded 9 dogs.
[00:59:11] [Server thread/INFO]: [playit-gg] Disabling playit-gg v0.1.4
[00:59:11] [Server thread/INFO]: [Graves] Disabling Graves v4.9
[00:59:11] [Server thread/INFO]: [Multiverse-Inventories] Disabling Multiverse-Inventories v4.2.6
[00:59:11] [Server thread/INFO]: [AuraMobs] Disabling AuraMobs v2.0.1
[00:59:11] [Server thread/INFO]: [Multiverse-Portals] Disabling Multiverse-Portals v4.2.3
[00:59:11] [Server thread/INFO]: [SimpleTpa] Disabling SimpleTpa v6.6
[00:59:11] [Server thread/INFO]: [SimpleTpa] If you need support contact me at https://discord.gg/SZUkza9
[00:59:11] [Server thread/INFO]: [SimpleTpa] Simple Tpa has been disabled on version 6.6
[00:59:11] [Server thread/INFO]: [Multiverse-SignPortals] Disabling Multiverse-SignPortals v4.2.2
[00:59:11] [Server thread/INFO]: [Multiverse-SignPortals] - Disabled
[00:59:11] [Server thread/INFO]: [[38;5;11m⚡[0m] Disabling LagFixer v1.3.25 (build 89)
[00:59:11] [Server thread/INFO]: [[38;5;11m⚡[0m] (ErrorsManager) -> Disabling manager...
[00:59:11] [Server thread/INFO]: [[38;5;11m⚡[0m] (ErrorsManager) -> Disabled manager in 0ms!
[00:59:11] [Server thread/INFO]: [[38;5;11m⚡[0m] (SupportManager) -> Disabling manager...
[00:59:11] [Server thread/INFO]: [[38;5;11m⚡[0m] (SupportManager) -> Disabled manager in 5ms!
[00:59:11] [Server thread/INFO]: [[38;5;11m⚡[0m] (ConfigManager) -> Disabling manager...
[00:59:11] [Server thread/INFO]: [[38;5;11m⚡[0m] (ConfigManager) -> Disabled manager in 0ms!
[00:59:11] [Server thread/INFO]: [[38;5;11m⚡[0m] (HookManager) -> Disabling manager...
[00:59:11] [Server thread/INFO]: [[38;5;11m⚡[0m] (HookManager) -> Disabled manager in 0ms!
[00:59:11] [Server thread/INFO]: [[38;5;11m⚡[0m] (MetricsManager) -> Disabling manager...
[00:59:11] [Server thread/INFO]: [[38;5;11m⚡[0m] (MetricsManager) -> Disabled manager in 0ms!
[00:59:11] [Server thread/INFO]: [[38;5;11m⚡[0m] (ModuleManager) -> Disabling manager...
[00:59:11] [Server thread/INFO]: [[38;5;11m⚡[0m]  • Sucessfully disabled module EntityLimiter in 2ms.
[00:59:11] [Server thread/INFO]: [[38;5;11m⚡[0m]  • Sucessfully disabled module WorldCleaner in 2ms.
[00:59:11] [Server thread/INFO]: [[38;5;11m⚡[0m]  • Sucessfully disabled module RedstoneLimiter in 3ms.
[00:59:11] [Server thread/INFO]: [[38;5;11m⚡[0m]  • Sucessfully disabled module InstantLeafDecay in 2ms.
[00:59:11] [Server thread/INFO]: [[38;5;11m⚡[0m]  • Sucessfully disabled module LagMonitor in 4ms.
[00:59:11] [Server thread/INFO]: [[38;5;11m⚡[0m]  • Sucessfully disabled module CustomVehicles in 17ms.
[00:59:11] [Server thread/INFO]: [[38;5;11m⚡[0m]  • Sucessfully disabled module CustomAi in 5ms.
[00:59:11] [Server thread/INFO]: [[38;5;11m⚡[0m] (ModuleManager) -> Disabled manager in 48ms!
[00:59:11] [Server thread/INFO]: [[38;5;11m⚡[0m] (CommandManager) -> Disabling manager...
[00:59:11] [Server thread/INFO]: [[38;5;11m⚡[0m] (CommandManager) -> Disabled manager in 9ms!
[00:59:11] [Server thread/INFO]: [ViaBackwards] Disabling ViaBackwards v4.10.0
[00:59:11] [Server thread/INFO]: [Essentials] Disabling Essentials v2.20.1
[00:59:11] [Server thread/INFO]: [Vault] [Economy] Essentials Economy unhooked.
[00:59:12] [Server thread/INFO]: [Geyser-Spigot] Disabling Geyser-Spigot v2.2.3-SNAPSHOT
[00:59:12] [Thread-17/INFO]: [gg.playit.minecraft.PlayitManager] control channel shutdown
[00:59:12] [Server thread/INFO]: [Geyser-Spigot] Geyser shutdown successfully.
[00:59:12] [Server thread/INFO]: [AuraSkills] Disabling AuraSkills v2.0.4
[00:59:13] [Server thread/INFO]: [Multiverse-Core] Disabling Multiverse-Core v4.3.12
[00:59:13] [Server thread/INFO]: [floodgate] Disabling floodgate v2.2.2-SNAPSHOT (b96-7f38765)
[00:59:13] [Server thread/INFO]: [WorldGuard] Disabling WorldGuard v7.0.9+5934e49
[00:59:13] [Server thread/INFO]: [WorldGuard] Shutting down executor and cancelling any pending tasks...
[00:59:14] [Server thread/INFO]: [WorldEdit] Disabling WorldEdit v7.3.0+6678-55745ad
[00:59:14] [Server thread/INFO]: Unregistering com.sk89q.worldedit.bukkit.BukkitServerInterface from WorldEdit
[00:59:14] [Server thread/INFO]: [Vault] Disabling Vault v1.7.3-b131
[00:59:14] [Server thread/INFO]: [LuckPerms] Disabling LuckPerms v5.4.121
[00:59:14] [Server thread/INFO]: [LuckPerms] Starting shutdown process...
[00:59:14] [Server thread/INFO]: [LuckPerms] Closing storage...
[00:59:15] [Server thread/INFO]: [LuckPerms] Goodbye!
[00:59:15] [Server thread/INFO]: [ViaVersion] Disabling ViaVersion v4.10.0
[00:59:15] [Server thread/INFO]: [ViaVersion] ViaVersion is disabling, if this is a reload and you experience issues consider rebooting.
[00:59:15] [Server thread/INFO]: Saving players
[00:59:15] [Server thread/INFO]: Saving worlds
[00:59:15] [Server thread/INFO]: Saving chunks for level 'ServerLevel[world]'/minecraft:overworld
[00:59:15] [Server thread/INFO]: [ChunkHolderManager] Waiting 60s for chunk system to halt for world 'world'
[00:59:15] [Server thread/INFO]: [ChunkHolderManager] Halted chunk system for world 'world'
[00:59:15] [Server thread/INFO]: [ChunkHolderManager] Saving all chunkholders for world 'world'
[00:59:15] [Server thread/INFO]: [ChunkHolderManager] Saved 0 block chunks, 32 entity chunks, 0 poi chunks in world 'world' in 0.21s
[00:59:16] [Server thread/INFO]: ThreadedAnvilChunkStorage (world): All chunks are saved
[00:59:16] [Server thread/INFO]: Saving chunks for level 'ServerLevel[world_nether]'/minecraft:the_nether
[00:59:16] [Server thread/INFO]: [ChunkHolderManager] Waiting 60s for chunk system to halt for world 'world_nether'
[00:59:16] [Server thread/INFO]: [ChunkHolderManager] Halted chunk system for world 'world_nether'
[00:59:16] [Server thread/INFO]: [ChunkHolderManager] Saving all chunkholders for world 'world_nether'
[00:59:16] [Server thread/INFO]: [ChunkHolderManager] Saved 0 block chunks, 121 entity chunks, 0 poi chunks in world 'world_nether' in 0.51s
[00:59:17] [Server thread/INFO]: ThreadedAnvilChunkStorage (DIM-1): All chunks are saved
[00:59:17] [Server thread/INFO]: Saving chunks for level 'ServerLevel[world_the_end]'/minecraft:the_end
[00:59:17] [Server thread/INFO]: [ChunkHolderManager] Waiting 60s for chunk system to halt for world 'world_the_end'
[00:59:17] [Server thread/INFO]: [ChunkHolderManager] Halted chunk system for world 'world_the_end'
[00:59:17] [Server thread/INFO]: [ChunkHolderManager] Saving all chunkholders for world 'world_the_end'
[00:59:17] [Server thread/INFO]: [ChunkHolderManager] Saved 2 block chunks, 6 entity chunks, 0 poi chunks in world 'world_the_end' in 0.16s
[00:59:17] [Server thread/INFO]: ThreadedAnvilChunkStorage (DIM1): All chunks are saved
[00:59:17] [Server thread/INFO]: Saving chunks for level 'ServerLevel[flatroom]'/minecraft:flatroom
[00:59:17] [Server thread/INFO]: [ChunkHolderManager] Waiting 60s for chunk system to halt for world 'flatroom'
[00:59:17] [Server thread/INFO]: [ChunkHolderManager] Halted chunk system for world 'flatroom'
[00:59:17] [Server thread/INFO]: [ChunkHolderManager] Saving all chunkholders for world 'flatroom'
[00:59:17] [Server thread/INFO]: [ChunkHolderManager] Saved 2 block chunks, 8 entity chunks, 0 poi chunks in world 'flatroom' in 0.13s
[00:59:18] [Server thread/INFO]: ThreadedAnvilChunkStorage (flatroom): All chunks are saved
[00:59:18] [Server thread/INFO]: ThreadedAnvilChunkStorage: All dimensions are saved
[00:59:18] [Server thread/INFO]: Saving usercache.json
[00:59:18] [Server thread/INFO]: Flushing Chunk IO
[00:59:18] [Server thread/INFO]: Closing Thread Pool
[00:59:18] [Server thread/INFO]: Closing Server
